      symbol            price
0     ETHBTC       0.03623000
11   BTCUSDT  120368.00000000
12   ETHUSDT    4362.47000000
779  SOLUSDT     181.35000000
      symbol            price
0     ETHBTC       0.03616000
11   BTCUSDT  120426.67000000
12   ETHUSDT    4355.11000000
779  SOLUSDT     181.53000000
      symbol            price
0     ETHBTC       0.03601000
11   BTCUSDT  120692.54000000
12   ETHUSDT    4345.22000000
779  SOLUSDT     181.34000000
      symbol            price
0     ETHBTC       0.03602000
11   BTCUSDT  120707.09000000
12   ETHUSDT    4349.04000000
779  SOLUSDT     180.93000000
      symbol            price
0     ETHBTC       0.03604000
11   BTCUSDT  120738.61000000
12   ETHUSDT    4349.89000000
779  SOLUSDT     180.64000000
      symbol            price
0     ETHBTC       0.03604000
11   BTCUSDT  120516.31000000
12   ETHUSDT    4342.18000000
779  SOLUSDT     179.96000000
      symbol            price
0     ETHBTC       0.03610000
11   BTCUSDT  120548.00000000
12   ETHUSDT    4352.03000000
779  SOLUSDT     180.16000000
      symbol            price
0     ETHBTC       0.03608000
11   BTCUSDT  120459.99000000
12   ETHUSDT    4344.57000000
779  SOLUSDT     179.75000000
      symbol            price
0     ETHBTC       0.03608000
11   BTCUSDT  120287.89000000
12   ETHUSDT    4339.84000000
779  SOLUSDT     179.33000000
      symbol            price
0     ETHBTC       0.03598000
11   BTCUSDT  119950.00000000
12   ETHUSDT    4314.83000000
779  SOLUSDT     178.39000000
      symbol            price
0     ETHBTC       0.03607000
11   BTCUSDT  120087.72000000
12   ETHUSDT    4332.31000000
779  SOLUSDT     179.30000000
      symbol            price
0     ETHBTC       0.03597000
11   BTCUSDT  120030.12000000
12   ETHUSDT    4316.67000000
779  SOLUSDT     179.02000000
      symbol            price
0     ETHBTC       0.03596000
11   BTCUSDT  119937.32000000
12   ETHUSDT    4312.50000000
779  SOLUSDT     178.96000000
      symbol            price
0     ETHBTC       0.03587000
11   BTCUSDT  120080.37000000
12   ETHUSDT    4306.64000000
779  SOLUSDT     179.27000000
      symbol            price
0     ETHBTC       0.03589000
11   BTCUSDT  120111.25000000
12   ETHUSDT    4311.62000000
779  SOLUSDT     179.29000000
      symbol            price
0     ETHBTC       0.03594000
11   BTCUSDT  119900.00000000
12   ETHUSDT    4309.00000000
779  SOLUSDT     179.02000000
      symbol            price
0     ETHBTC       0.03592000
11   BTCUSDT  119600.01000000
12   ETHUSDT    4296.15000000
779  SOLUSDT     177.63000000
      symbol            price
0     ETHBTC       0.03589000
11   BTCUSDT  119627.29000000
12   ETHUSDT    4293.42000000
779  SOLUSDT     177.77000000
      symbol            price
0     ETHBTC       0.03589000
11   BTCUSDT  119689.67000000
12   ETHUSDT    4295.93000000
779  SOLUSDT     178.03000000
      symbol            price
0     ETHBTC       0.03593000
11   BTCUSDT  119870.00000000
12   ETHUSDT    4308.09000000
779  SOLUSDT     178.29000000
      symbol            price
0     ETHBTC       0.03579000
11   BTCUSDT  119540.01000000
12   ETHUSDT    4279.24000000
779  SOLUSDT     177.58000000
      symbol            price
0     ETHBTC       0.03589000
11   BTCUSDT  119717.60000000
12   ETHUSDT    4296.31000000
779  SOLUSDT     178.16000000
      symbol            price
0     ETHBTC       0.03585000
11   BTCUSDT  119758.00000000
12   ETHUSDT    4293.80000000
779  SOLUSDT     178.01000000
      symbol            price
0     ETHBTC       0.03586000
11   BTCUSDT  119772.33000000
12   ETHUSDT    4294.00000000
779  SOLUSDT     178.19000000
      symbol            price
0     ETHBTC       0.03590000
11   BTCUSDT  119679.99000000
12   ETHUSDT    4297.80000000
779  SOLUSDT     178.06000000
      symbol            price
0     ETHBTC       0.03595000
11   BTCUSDT  119644.17000000
12   ETHUSDT    4300.83000000
779  SOLUSDT     177.96000000
      symbol            price
0     ETHBTC       0.03597000
11   BTCUSDT  119586.99000000
12   ETHUSDT    4301.94000000
779  SOLUSDT     177.70000000
      symbol            price
0     ETHBTC       0.03595000
11   BTCUSDT  119548.97000000
12   ETHUSDT    4296.47000000
779  SOLUSDT     177.51000000
      symbol            price
0     ETHBTC       0.03602000
11   BTCUSDT  119580.42000000
12   ETHUSDT    4305.64000000
779  SOLUSDT     177.83000000
      symbol            price
0     ETHBTC       0.03602000
11   BTCUSDT  119477.10000000
12   ETHUSDT    4303.87000000
779  SOLUSDT     177.97000000
      symbol            price
0     ETHBTC       0.03598000
11   BTCUSDT  119306.69000000
12   ETHUSDT    4292.51000000
779  SOLUSDT     178.08000000
      symbol            price
0     ETHBTC       0.03594000
11   BTCUSDT  119256.34000000
12   ETHUSDT    4285.87000000
779  SOLUSDT     177.83000000
      symbol            price
0     ETHBTC       0.03592000
11   BTCUSDT  119160.03000000
12   ETHUSDT    4280.13000000
779  SOLUSDT     177.34000000
      symbol            price
0     ETHBTC       0.03594000
11   BTCUSDT  119139.99000000
12   ETHUSDT    4281.41000000
779  SOLUSDT     177.46000000
      symbol            price
0     ETHBTC       0.03572000
11   BTCUSDT  118755.91000000
12   ETHUSDT    4243.19000000
779  SOLUSDT     175.84000000
      symbol            price
0     ETHBTC       0.03617000
11   BTCUSDT  118823.99000000
12   ETHUSDT    4297.39000000
779  SOLUSDT     175.69000000
      symbol            price
0     ETHBTC       0.03617000
11   BTCUSDT  118838.15000000
12   ETHUSDT    4300.00000000
779  SOLUSDT     175.56000000
      symbol            price
0     ETHBTC       0.03619000
11   BTCUSDT  118853.56000000
12   ETHUSDT    4302.54000000
779  SOLUSDT     175.68000000
      symbol            price
0     ETHBTC       0.03618000
11   BTCUSDT  118700.19000000
12   ETHUSDT    4295.18000000
779  SOLUSDT     175.06000000
      symbol            price
0     ETHBTC       0.03619000
11   BTCUSDT  118737.36000000
12   ETHUSDT    4296.71000000
779  SOLUSDT     174.94000000
      symbol            price
0     ETHBTC       0.03618000
11   BTCUSDT  118625.45000000
12   ETHUSDT    4292.06000000
779  SOLUSDT     174.70000000
      symbol            price
0     ETHBTC       0.03616000
11   BTCUSDT  118523.98000000
12   ETHUSDT    4286.38000000
779  SOLUSDT     174.34000000
*/5 * * * * /home/austin/vscodeProjects/demo-cronjob/.venv/bin/python3 /home/austin/vscodeProjects/demo-cronjob/crypto.py >> /home/austin/vscodeProjects/demo-cronjob/crypto.log 2>&1